Time resolution is 1 ps

Сценарий 1. Деление на ноль (негативный сценарий)

[25000]: Сигнал 1 подан на линию btn_c_in.
[365000]: Сигнал 1 убран с линии btn_c_in, подан сигнал 0

[375000]: Сигнал 0 подан на линию btn_c_in.
[715000]: Сигнал 0 убран с линии btn_c_in, подан сигнал 0

1) Проверка ввода 1 числа.

[700015000] Номер младшего индикатора: 0
Количество индикаторов:  1
Значение: 00000003
[700025000] Номер индикатора: 0
Ожидаемые сигналы на линии катодов (CATH): 0110000
Фактические сигналы на линии катодов (CATH): 0110000

[800035000]: Сигнал 1 подан на линию btn_c_in.
[800375000]: Сигнал 1 убран с линии btn_c_in, подан сигнал 0

[800385000]: Сигнал 0 подан на линию btn_c_in.
[800725000]: Сигнал 0 убран с линии btn_c_in, подан сигнал 0

2) Проверка ввода 2 числа.

[1500015000] Номер младшего индикатора: 0
Количество индикаторов:  1
Значение: 00000000
[1500025000] Номер индикатора: 0
Ожидаемые сигналы на линии катодов (CATH): 1000000
Фактические сигналы на линии катодов (CATH): 1000000

[1600035000]: Сигнал 1 подан на линию btn_c_in.
[1600375000]: Сигнал 1 убран с линии btn_c_in, подан сигнал 0

[1600385000]: Сигнал 0 подан на линию btn_c_in.
[1600725000]: Сигнал 0 убран с линии btn_c_in, подан сигнал 0

2) Проверка ввода 3 числа.

[2300015000] Номер младшего индикатора: 0
Количество индикаторов:  1
Значение: 00000002
[2300025000] Номер индикатора: 0
Ожидаемые сигналы на линии катодов (CATH): 0100100
Фактические сигналы на линии катодов (CATH): 0100100

[2400035000]: Сигнал 1 подан на линию btn_c_in.
[2400375000]: Сигнал 1 убран с линии btn_c_in, подан сигнал 0

[2400385000]: Сигнал 0 подан на линию btn_c_in.
[2400725000]: Сигнал 0 убран с линии btn_c_in, подан сигнал 0

2) Проверка ввода 4 числа.

[3100015000] Номер младшего индикатора: 0
Количество индикаторов:  1
Значение: 00000001
[3100025000] Номер индикатора: 0
Ожидаемые сигналы на линии катодов (CATH): 1111001
Фактические сигналы на линии катодов (CATH): 1111001

3) Проверка наличия сигнала готовности выходных данных на светодиоде.
Сигнал готовности выходных данных отсутствует на шине valid_out_LED

4) Проверка вывода результата на индикаторах.
Результат не учитывается при ненулевой ошибке

5) Проверка вывода ошибки на индикаторах.

[3500015000] Номер младшего индикатора: 4
Количество индикаторов:  1
Значение: 00000001
[3500025000] Номер индикатора: 4
Ожидаемые сигналы на линии катодов (CATH): 1111001
Фактические сигналы на линии катодов (CATH): 1000000

[3600025000]: Сигнал 1 подан на линию btn_c_in.
[3600365000]: Сигнал 1 убран с линии btn_c_in, подан сигнал 0

[3600375000]: Сигнал 0 подан на линию btn_c_in.
[3600715000]: Сигнал 0 убран с линии btn_c_in, подан сигнал 0

6) Проверка сброса сигнала готовности выходных данных на светодиоде.
Сигнал готовности выходных данных отсутствует на шине valid_out_LED

7) Проверка сброса результата на индикаторах.

[3800015000] Номер младшего индикатора: 7
Количество индикаторов:  1
Значение: 00000000
[3800025000] Номер индикатора: 7
Ожидаемые сигналы на линии катодов (CATH): 1000000
Фактические сигналы на линии катодов (CATH): 1000000

8) Проверка сброса ошибки на индикаторах.

[4300015000] Номер младшего индикатора: 4
Количество индикаторов:  1
Значение: 00000000
[4300025000] Номер индикатора: 4
Ожидаемые сигналы на линии катодов (CATH): 1000000
Фактические сигналы на линии катодов (CATH): 1000000

Сценарий 2. Обычное деление без ошибок

[4400035000]: Сигнал 1 подан на линию btn_c_in.
[4400375000]: Сигнал 1 убран с линии btn_c_in, подан сигнал 0

[4400385000]: Сигнал 0 подан на линию btn_c_in.
[4400725000]: Сигнал 0 убран с линии btn_c_in, подан сигнал 0

1) Проверка ввода 1 числа.

[4700015000] Номер младшего индикатора: 0
Количество индикаторов:  1
Значение: 00000008
[4700025000] Номер индикатора: 0
Ожидаемые сигналы на линии катодов (CATH): 0000000
Фактические сигналы на линии катодов (CATH): 0000000

[4800035000]: Сигнал 1 подан на линию btn_c_in.
[4800375000]: Сигнал 1 убран с линии btn_c_in, подан сигнал 0

[4800385000]: Сигнал 0 подан на линию btn_c_in.
[4800725000]: Сигнал 0 убран с линии btn_c_in, подан сигнал 0

2) Проверка ввода 2 числа.

[5500015000] Номер младшего индикатора: 0
Количество индикаторов:  1
Значение: 00000002
[5500025000] Номер индикатора: 0
Ожидаемые сигналы на линии катодов (CATH): 0100100
Фактические сигналы на линии катодов (CATH): 0100100

[5600035000]: Сигнал 1 подан на линию btn_c_in.
[5600375000]: Сигнал 1 убран с линии btn_c_in, подан сигнал 0

[5600385000]: Сигнал 0 подан на линию btn_c_in.
[5600725000]: Сигнал 0 убран с линии btn_c_in, подан сигнал 0

2) Проверка ввода 3 числа.

[6300015000] Номер младшего индикатора: 0
Количество индикаторов:  1
Значение: 00000005
[6300025000] Номер индикатора: 0
Ожидаемые сигналы на линии катодов (CATH): 0010010
Фактические сигналы на линии катодов (CATH): 0010010

[6400035000]: Сигнал 1 подан на линию btn_c_in.
[6400375000]: Сигнал 1 убран с линии btn_c_in, подан сигнал 0

[6400385000]: Сигнал 0 подан на линию btn_c_in.
[6400725000]: Сигнал 0 убран с линии btn_c_in, подан сигнал 0

2) Проверка ввода 4 числа.

[7100015000] Номер младшего индикатора: 0
Количество индикаторов:  1
Значение: 00000002
[7100025000] Номер индикатора: 0
Ожидаемые сигналы на линии катодов (CATH): 0100100
Фактические сигналы на линии катодов (CATH): 0100100

3) Проверка наличия сигнала готовности выходных данных на светодиоде.
Сигнал готовности выходных данных отсутствует на шине valid_out_LED

4) Проверка вывода результата на индикаторах.

[7800015000] Номер младшего индикатора: 7
Количество индикаторов:  1
Значение: 00000001
[7800025000] Номер индикатора: 7
Ожидаемые сигналы на линии катодов (CATH): 1111001
Фактические сигналы на линии катодов (CATH): 1000000

5) Проверка вывода ошибки на индикаторах.

[8300015000] Номер младшего индикатора: 4
Количество индикаторов:  1
Значение: 00000000
[8300025000] Номер индикатора: 4
Ожидаемые сигналы на линии катодов (CATH): 1000000
Фактические сигналы на линии катодов (CATH): 1000000

[8400025000]: Сигнал 1 подан на линию btn_c_in.
[8400365000]: Сигнал 1 убран с линии btn_c_in, подан сигнал 0

[8400375000]: Сигнал 0 подан на линию btn_c_in.
[8400715000]: Сигнал 0 убран с линии btn_c_in, подан сигнал 0

6) Проверка сброса сигнала готовности выходных данных на светодиоде.
Сигнал готовности выходных данных отсутствует на шине valid_out_LED

7) Проверка сброса результата на индикаторах.

[8600015000] Номер младшего индикатора: 7
Количество индикаторов:  1
Значение: 00000000
[8600025000] Номер индикатора: 7
Ожидаемые сигналы на линии катодов (CATH): 1000000
Фактические сигналы на линии катодов (CATH): 1000000

8) Проверка сброса ошибки на индикаторах.

[9100015000] Номер младшего индикатора: 4
Количество индикаторов:  1
Значение: 00000000
[9100025000] Номер индикатора: 4
Ожидаемые сигналы на линии катодов (CATH): 1000000
Фактические сигналы на линии катодов (CATH): 1000000

[9200015000]: Результаты тестирования:
Сценарий 1 НЕ пройден.
Ошибка на шаге 5
Ошибка на шаге 8
Сценарий 2 НЕ пройден.
Ошибка на шаге 5
Ошибка на шаге 7
Пройдено сценариев: 0/2
