Vivado Simulator v2022.2
Copyright 1986-1999, 2001-2022 Xilinx, Inc. All Rights Reserved.
Running: E:/WorkSoftware/Xilinx_Windows_Unpacked_2022_2/Vivado/2022.2/bin/unwrapped/win64.o/xelab.exe --incr --debug typical --relax --mt 2 -L xil_defaultlib -L unisims_ver -L secureip --snapshot testbench_func_synth xil_defaultlib.testbench xil_defaultlib.glbl -log elaborate.log 
Using 2 slave threads.
Starting static elaboration
Pass Through NonSizing Optimizer
Completed static elaboration
Starting simulation data flow analysis
Completed simulation data flow analysis
Time Resolution for simulation is 1ps
Compiling module unisims_ver.x_lut2_mux4
Compiling module unisims_ver.LUT2
Compiling module unisims_ver.FDSE_default
Compiling module unisims_ver.OBUF
Compiling module unisims_ver.LUT4
Compiling module unisims_ver.FDRE_default
Compiling module unisims_ver.CARRY4
Compiling module unisims_ver.IBUF
Compiling module unisims_ver.x_lut1_mux2
Compiling module unisims_ver.LUT1
Compiling module unisims_ver.BUFG
Compiling module unisims_ver.LUT5
Compiling module unisims_ver.x_lut3_mux8
Compiling module unisims_ver.LUT3
Compiling module unisims_ver.LUT6
Compiling module xil_defaultlib.cnt__parameterized0_7
Compiling module xil_defaultlib.sync_8
Compiling module xil_defaultlib.debouncer
Compiling module xil_defaultlib.cnt__parameterized0_5
Compiling module xil_defaultlib.sync_6
Compiling module xil_defaultlib.debouncer_0
Compiling module xil_defaultlib.cnt__parameterized0_3
Compiling module xil_defaultlib.sync_4
Compiling module xil_defaultlib.debouncer_1
Compiling module xil_defaultlib.cnt__parameterized0
Compiling module xil_defaultlib.sync
Compiling module xil_defaultlib.debouncer_2
Compiling module unisims_ver.latchsre_ldce
Compiling module unisims_ver.LDCE
Compiling module xil_defaultlib.cnt
Compiling module xil_defaultlib.divider
Compiling module unisims_ver.MUXF7
Compiling module xil_defaultlib.fsm
Compiling module xil_defaultlib.SevenSegmentLED
Compiling module xil_defaultlib.Controller
Compiling module xil_defaultlib.testbench
Compiling module xil_defaultlib.glbl
