
*** Running vivado
    with args -log top_fsm_div.vds -m64 -product Vivado -mode batch -messageDb vivado.pb -notrace -source top_fsm_div.tcl



****** Vivado v2022.2 (64-bit)
  **** SW Build 3671981 on Fri Oct 14 05:00:03 MDT 2022
  **** IP Build 3669848 on Fri Oct 14 08:30:02 MDT 2022
    ** Copyright 1986-2022 Xilinx, Inc. All Rights Reserved.

source top_fsm_div.tcl -notrace
Command: read_checkpoint -auto_incremental -incremental D:/schemotechnika/prac3_all_files/prac_4/prac_4.srcs/utils_1/imports/synth_1/vio_top_fsm_div.dcp
INFO: [Vivado 12-5825] Read reference checkpoint from D:/schemotechnika/prac3_all_files/prac_4/prac_4.srcs/utils_1/imports/synth_1/vio_top_fsm_div.dcp for incremental synthesis
INFO: [Vivado 12-7989] Please ensure there are no constraint changes
Command: synth_design -top top_fsm_div -part xc7a100tcsg324-1
Starting synth_design
Attempting to get a license for feature 'Synthesis' and/or device 'xc7a100t'
INFO: [Common 17-349] Got license for feature 'Synthesis' and/or device 'xc7a100t'
INFO: [Device 21-403] Loading part xc7a100tcsg324-1
INFO: [Designutils 20-5440] No compile time benefit to using incremental synthesis; A full resynthesis will be run
INFO: [Designutils 20-4379] Flow is switching to default flow due to incremental criteria not met. If you would like to alter this behaviour and have the flow terminate instead, please set the following parameter config_implementation {autoIncr.Synth.RejectBehavior Terminate}
INFO: [Synth 8-7079] Multithreading enabled for synth_design using a maximum of 2 processes.
INFO: [Synth 8-7078] Launching helper process for spawning children vivado processes
INFO: [Synth 8-7075] Helper process launched with PID 2620
INFO: [Synth 8-11241] undeclared symbol 'REGCCE', assumed default net type 'wire' [D:/Xilinx_Windows_Unpacked_2022_2/Xilinx_Windows_Unpacked_2022_2/Vivado/2022.2/data/verilog/src/unimacro/BRAM_SINGLE_MACRO.v:2170]
WARNING: [Synth 8-10515] begin/end is required for generate-for in this mode of Verilog [D:/schemotechnika/prac3_all_files/prac_4/prac_4.srcs/designs/seven_seg.v:22]
---------------------------------------------------------------------------------
Starting RTL Elaboration : Time (s): cpu = 00:00:02 ; elapsed = 00:00:06 . Memory (MB): peak = 1206.582 ; gain = 408.629
---------------------------------------------------------------------------------
INFO: [Synth 8-6157] synthesizing module 'top_fsm_div' [D:/schemotechnika/prac3_all_files/prac_4/prac_4.srcs/designs/top_fsm_div.v:1]
INFO: [Synth 8-6157] synthesizing module 'FILTER' [D:/schemotechnika/prac3_all_files/prac_4/prac_4.srcs/designs/filter.v:1]
	Parameter size bound to: 4 - type: integer 
INFO: [Synth 8-6155] done synthesizing module 'FILTER' (0#1) [D:/schemotechnika/prac3_all_files/prac_4/prac_4.srcs/designs/filter.v:1]
WARNING: [Synth 8-7071] port 'OUT_SIGNAL' of module 'FILTER' is unconnected for instance 'btn_c_filter' [D:/schemotechnika/prac3_all_files/prac_4/prac_4.srcs/designs/top_fsm_div.v:14]
WARNING: [Synth 8-7023] instance 'btn_c_filter' of module 'FILTER' has 5 connections declared, but only 4 given [D:/schemotechnika/prac3_all_files/prac_4/prac_4.srcs/designs/top_fsm_div.v:14]
WARNING: [Synth 8-7071] port 'OUT_SIGNAL' of module 'FILTER' is unconnected for instance 'btn_reset_filter' [D:/schemotechnika/prac3_all_files/prac_4/prac_4.srcs/designs/top_fsm_div.v:22]
WARNING: [Synth 8-7023] instance 'btn_reset_filter' of module 'FILTER' has 5 connections declared, but only 4 given [D:/schemotechnika/prac3_all_files/prac_4/prac_4.srcs/designs/top_fsm_div.v:22]
INFO: [Synth 8-6157] synthesizing module 'fsm_div' [D:/schemotechnika/prac3_all_files/prac_4/prac_4.srcs/designs/fsm_div.v:3]
WARNING: [Synth 8-151] case item 32'b00000000000000000000000000000100 is unreachable [D:/schemotechnika/prac3_all_files/prac_4/prac_4.srcs/designs/fsm_div.v:65]
WARNING: [Synth 8-151] case item 32'b00000000000000000000000000000101 is unreachable [D:/schemotechnika/prac3_all_files/prac_4/prac_4.srcs/designs/fsm_div.v:71]
INFO: [Synth 8-6155] done synthesizing module 'fsm_div' (0#1) [D:/schemotechnika/prac3_all_files/prac_4/prac_4.srcs/designs/fsm_div.v:3]
INFO: [Synth 8-6157] synthesizing module 'clk_div' [D:/schemotechnika/prac3_all_files/prac_4/prac_4.srcs/designs/clk_div.v:1]
INFO: [Synth 8-6155] done synthesizing module 'clk_div' (0#1) [D:/schemotechnika/prac3_all_files/prac_4/prac_4.srcs/designs/clk_div.v:1]
INFO: [Synth 8-6157] synthesizing module 'seven_seg' [D:/schemotechnika/prac3_all_files/prac_4/prac_4.srcs/designs/seven_seg.v:1]
INFO: [Synth 8-226] default block is never used [D:/schemotechnika/prac3_all_files/prac_4/prac_4.srcs/designs/seven_seg.v:34]
INFO: [Synth 8-226] default block is never used [D:/schemotechnika/prac3_all_files/prac_4/prac_4.srcs/designs/seven_seg.v:54]
INFO: [Synth 8-6155] done synthesizing module 'seven_seg' (0#1) [D:/schemotechnika/prac3_all_files/prac_4/prac_4.srcs/designs/seven_seg.v:1]
INFO: [Synth 8-6155] done synthesizing module 'top_fsm_div' (0#1) [D:/schemotechnika/prac3_all_files/prac_4/prac_4.srcs/designs/top_fsm_div.v:1]
WARNING: [Synth 8-6014] Unused sequential element a_reg_reg was removed.  [D:/schemotechnika/prac3_all_files/prac_4/prac_4.srcs/designs/fsm_div.v:33]
WARNING: [Synth 8-6014] Unused sequential element b_reg_reg was removed.  [D:/schemotechnika/prac3_all_files/prac_4/prac_4.srcs/designs/fsm_div.v:34]
WARNING: [Synth 8-6014] Unused sequential element c_reg_reg was removed.  [D:/schemotechnika/prac3_all_files/prac_4/prac_4.srcs/designs/fsm_div.v:35]
WARNING: [Synth 8-6014] Unused sequential element d_reg_reg was removed.  [D:/schemotechnika/prac3_all_files/prac_4/prac_4.srcs/designs/fsm_div.v:36]
WARNING: [Synth 8-7129] Port d_in[3] in module fsm_div is either unconnected or has no load
WARNING: [Synth 8-7129] Port d_in[2] in module fsm_div is either unconnected or has no load
WARNING: [Synth 8-7129] Port d_in[1] in module fsm_div is either unconnected or has no load
WARNING: [Synth 8-7129] Port d_in[0] in module fsm_div is either unconnected or has no load
---------------------------------------------------------------------------------
Finished RTL Elaboration : Time (s): cpu = 00:00:03 ; elapsed = 00:00:08 . Memory (MB): peak = 1296.543 ; gain = 498.590
---------------------------------------------------------------------------------
---------------------------------------------------------------------------------
Start Handling Custom Attributes
---------------------------------------------------------------------------------
---------------------------------------------------------------------------------
Finished Handling Custom Attributes : Time (s): cpu = 00:00:03 ; elapsed = 00:00:08 . Memory (MB): peak = 1296.543 ; gain = 498.590
---------------------------------------------------------------------------------
---------------------------------------------------------------------------------
Finished RTL Optimization Phase 1 : Time (s): cpu = 00:00:03 ; elapsed = 00:00:08 . Memory (MB): peak = 1296.543 ; gain = 498.590
---------------------------------------------------------------------------------
Netlist sorting complete. Time (s): cpu = 00:00:00 ; elapsed = 00:00:00.001 . Memory (MB): peak = 1296.543 ; gain = 0.000
INFO: [Project 1-570] Preparing netlist for logic optimization

Processing XDC Constraints
Initializing timing engine
Parsing XDC File [D:/schemotechnika/prac3_all_files/prac_4/prac_4.srcs/constrs/fsm_with_vio/c_vio.xdc]
Finished Parsing XDC File [D:/schemotechnika/prac3_all_files/prac_4/prac_4.srcs/constrs/fsm_with_vio/c_vio.xdc]
INFO: [Project 1-236] Implementation specific constraints were found while reading constraint file [D:/schemotechnika/prac3_all_files/prac_4/prac_4.srcs/constrs/fsm_with_vio/c_vio.xdc]. These constraints will be ignored for synthesis but will be used in implementation. Impacted constraints are listed in the file [.Xil/top_fsm_div_propImpl.xdc].
Resolution: To avoid this warning, move constraints listed in [.Xil/top_fsm_div_propImpl.xdc] to another XDC file and exclude this new file from synthesis with the used_in_synthesis property (File Properties dialog in GUI) and re-run elaboration/synthesis.
Completed Processing XDC Constraints

Netlist sorting complete. Time (s): cpu = 00:00:00 ; elapsed = 00:00:00 . Memory (MB): peak = 1397.551 ; gain = 0.000
INFO: [Project 1-111] Unisim Transformation Summary:
No Unisim elements were transformed.

Constraint Validation Runtime : Time (s): cpu = 00:00:00 ; elapsed = 00:00:00.003 . Memory (MB): peak = 1397.551 ; gain = 0.000
INFO: [Designutils 20-5440] No compile time benefit to using incremental synthesis; A full resynthesis will be run
INFO: [Designutils 20-4379] Flow is switching to default flow due to incremental criteria not met. If you would like to alter this behaviour and have the flow terminate instead, please set the following parameter config_implementation {autoIncr.Synth.RejectBehavior Terminate}
INFO: [Synth 8-11241] undeclared symbol 'REGCCE', assumed default net type 'wire' [D:/Xilinx_Windows_Unpacked_2022_2/Xilinx_Windows_Unpacked_2022_2/Vivado/2022.2/data/verilog/src/unimacro/BRAM_SINGLE_MACRO.v:2170]
---------------------------------------------------------------------------------
Finished Constraint Validation : Time (s): cpu = 00:00:06 ; elapsed = 00:00:15 . Memory (MB): peak = 1397.551 ; gain = 599.598
---------------------------------------------------------------------------------
---------------------------------------------------------------------------------
Start Loading Part and Timing Information
---------------------------------------------------------------------------------
Loading part: xc7a100tcsg324-1
---------------------------------------------------------------------------------
Finished Loading Part and Timing Information : Time (s): cpu = 00:00:06 ; elapsed = 00:00:15 . Memory (MB): peak = 1397.551 ; gain = 599.598
---------------------------------------------------------------------------------
---------------------------------------------------------------------------------
Start Applying 'set_property' XDC Constraints
---------------------------------------------------------------------------------
---------------------------------------------------------------------------------
Finished applying 'set_property' XDC Constraints : Time (s): cpu = 00:00:06 ; elapsed = 00:00:16 . Memory (MB): peak = 1397.551 ; gain = 599.598
---------------------------------------------------------------------------------
INFO: [Synth 8-802] inferred FSM for state register 'state_reg' in module 'fsm_div'
---------------------------------------------------------------------------------------------------
                   State |                     New Encoding |                Previous Encoding 
---------------------------------------------------------------------------------------------------
                      S0 |                               00 |                               00
                      S1 |                               01 |                               01
                      S2 |                               10 |                               10
                      S3 |                               11 |                               11
---------------------------------------------------------------------------------------------------
INFO: [Synth 8-3354] encoded FSM with state register 'state_reg' using encoding 'sequential' in module 'fsm_div'
---------------------------------------------------------------------------------
Finished RTL Optimization Phase 2 : Time (s): cpu = 00:00:06 ; elapsed = 00:00:16 . Memory (MB): peak = 1397.551 ; gain = 599.598
---------------------------------------------------------------------------------
---------------------------------------------------------------------------------
Start RTL Component Statistics 
---------------------------------------------------------------------------------
Detailed RTL Component Info : 
+---Adders : 
	   2 Input   14 Bit       Adders := 1     
	   2 Input    4 Bit       Adders := 2     
	   2 Input    3 Bit       Adders := 1     
+---XORs : 
	   2 Input      1 Bit         XORs := 2     
+---Registers : 
	               14 Bit    Registers := 1     
	                4 Bit    Registers := 4     
	                3 Bit    Registers := 1     
	                2 Bit    Registers := 2     
	                1 Bit    Registers := 8     
+---Muxes : 
	   8 Input    8 Bit        Muxes := 1     
	   2 Input    4 Bit        Muxes := 1     
	   4 Input    2 Bit        Muxes := 1     
	   2 Input    2 Bit        Muxes := 1     
	   4 Input    1 Bit        Muxes := 2     
	   2 Input    1 Bit        Muxes := 2     
---------------------------------------------------------------------------------
Finished RTL Component Statistics 
---------------------------------------------------------------------------------
---------------------------------------------------------------------------------
Start Part Resource Summary
---------------------------------------------------------------------------------
Part Resources:
DSPs: 240 (col length:80)
BRAMs: 270 (col length: RAMB18 80 RAMB36 40)
---------------------------------------------------------------------------------
Finished Part Resource Summary
---------------------------------------------------------------------------------
---------------------------------------------------------------------------------
Start Cross Boundary and Area Optimization
---------------------------------------------------------------------------------
WARNING: [Synth 8-7080] Parallel synthesis criteria is not met
WARNING: [Synth 8-3332] Sequential element (fsm/FSM_sequential_state_reg[1]) is unused and will be removed from module top_fsm_div.
WARNING: [Synth 8-3332] Sequential element (fsm/FSM_sequential_state_reg[0]) is unused and will be removed from module top_fsm_div.
---------------------------------------------------------------------------------
Finished Cross Boundary and Area Optimization : Time (s): cpu = 00:00:06 ; elapsed = 00:00:18 . Memory (MB): peak = 1397.551 ; gain = 599.598
---------------------------------------------------------------------------------
---------------------------------------------------------------------------------
Start Applying XDC Timing Constraints
---------------------------------------------------------------------------------
---------------------------------------------------------------------------------
Finished Applying XDC Timing Constraints : Time (s): cpu = 00:00:08 ; elapsed = 00:00:23 . Memory (MB): peak = 1397.551 ; gain = 599.598
---------------------------------------------------------------------------------
---------------------------------------------------------------------------------
Start Timing Optimization
---------------------------------------------------------------------------------
---------------------------------------------------------------------------------
Finished Timing Optimization : Time (s): cpu = 00:00:08 ; elapsed = 00:00:23 . Memory (MB): peak = 1397.551 ; gain = 599.598
---------------------------------------------------------------------------------
---------------------------------------------------------------------------------
Start Technology Mapping
---------------------------------------------------------------------------------
---------------------------------------------------------------------------------
Finished Technology Mapping : Time (s): cpu = 00:00:08 ; elapsed = 00:00:23 . Memory (MB): peak = 1397.551 ; gain = 599.598
---------------------------------------------------------------------------------
---------------------------------------------------------------------------------
Start IO Insertion
---------------------------------------------------------------------------------
---------------------------------------------------------------------------------
Start Flattening Before IO Insertion
---------------------------------------------------------------------------------
---------------------------------------------------------------------------------
Finished Flattening Before IO Insertion
---------------------------------------------------------------------------------
---------------------------------------------------------------------------------
Start Final Netlist Cleanup
---------------------------------------------------------------------------------
---------------------------------------------------------------------------------
Finished Final Netlist Cleanup
---------------------------------------------------------------------------------
---------------------------------------------------------------------------------
Finished IO Insertion : Time (s): cpu = 00:00:09 ; elapsed = 00:00:27 . Memory (MB): peak = 1397.551 ; gain = 599.598
---------------------------------------------------------------------------------
---------------------------------------------------------------------------------
Start Renaming Generated Instances
---------------------------------------------------------------------------------
---------------------------------------------------------------------------------
Finished Renaming Generated Instances : Time (s): cpu = 00:00:09 ; elapsed = 00:00:27 . Memory (MB): peak = 1397.551 ; gain = 599.598
---------------------------------------------------------------------------------
---------------------------------------------------------------------------------
Start Rebuilding User Hierarchy
---------------------------------------------------------------------------------
---------------------------------------------------------------------------------
Finished Rebuilding User Hierarchy : Time (s): cpu = 00:00:09 ; elapsed = 00:00:27 . Memory (MB): peak = 1397.551 ; gain = 599.598
---------------------------------------------------------------------------------
---------------------------------------------------------------------------------
Start Renaming Generated Ports
---------------------------------------------------------------------------------
---------------------------------------------------------------------------------
Finished Renaming Generated Ports : Time (s): cpu = 00:00:09 ; elapsed = 00:00:27 . Memory (MB): peak = 1397.551 ; gain = 599.598
---------------------------------------------------------------------------------
---------------------------------------------------------------------------------
Start Handling Custom Attributes
---------------------------------------------------------------------------------
---------------------------------------------------------------------------------
Finished Handling Custom Attributes : Time (s): cpu = 00:00:09 ; elapsed = 00:00:27 . Memory (MB): peak = 1397.551 ; gain = 599.598
---------------------------------------------------------------------------------
---------------------------------------------------------------------------------
Start Renaming Generated Nets
---------------------------------------------------------------------------------
---------------------------------------------------------------------------------
Finished Renaming Generated Nets : Time (s): cpu = 00:00:09 ; elapsed = 00:00:27 . Memory (MB): peak = 1397.551 ; gain = 599.598
---------------------------------------------------------------------------------
---------------------------------------------------------------------------------
Start Writing Synthesis Report
---------------------------------------------------------------------------------

Report BlackBoxes: 
+-+--------------+----------+
| |BlackBox name |Instances |
+-+--------------+----------+
+-+--------------+----------+

Report Cell Usage: 
+------+-------+------+
|      |Cell   |Count |
+------+-------+------+
|1     |BUFG   |     1|
|2     |CARRY4 |     4|
|3     |LUT1   |     3|
|4     |LUT2   |     2|
|5     |LUT3   |     5|
|6     |LUT4   |     3|
|7     |LUT5   |     9|
|8     |LUT6   |     5|
|9     |FDRE   |    26|
|10    |IBUF   |     6|
|11    |OBUF   |    16|
+------+-------+------+
---------------------------------------------------------------------------------
Finished Writing Synthesis Report : Time (s): cpu = 00:00:09 ; elapsed = 00:00:27 . Memory (MB): peak = 1397.551 ; gain = 599.598
---------------------------------------------------------------------------------
Synthesis finished with 0 errors, 0 critical warnings and 3 warnings.
Synthesis Optimization Runtime : Time (s): cpu = 00:00:06 ; elapsed = 00:00:25 . Memory (MB): peak = 1397.551 ; gain = 498.590
Synthesis Optimization Complete : Time (s): cpu = 00:00:09 ; elapsed = 00:00:27 . Memory (MB): peak = 1397.551 ; gain = 599.598
INFO: [Project 1-571] Translating synthesized netlist
Netlist sorting complete. Time (s): cpu = 00:00:00 ; elapsed = 00:00:00.001 . Memory (MB): peak = 1397.551 ; gain = 0.000
INFO: [Netlist 29-17] Analyzing 4 Unisim elements for replacement
INFO: [Netlist 29-28] Unisim Transformation completed in 0 CPU seconds
INFO: [Project 1-570] Preparing netlist for logic optimization
INFO: [Opt 31-138] Pushed 0 inverter(s) to 0 load pin(s).
Netlist sorting complete. Time (s): cpu = 00:00:00 ; elapsed = 00:00:00.001 . Memory (MB): peak = 1397.551 ; gain = 0.000
INFO: [Project 1-111] Unisim Transformation Summary:
No Unisim elements were transformed.

Synth Design complete, checksum: 364ddd14
INFO: [Common 17-83] Releasing license: Synthesis
37 Infos, 18 Warnings, 0 Critical Warnings and 0 Errors encountered.
synth_design completed successfully
synth_design: Time (s): cpu = 00:00:11 ; elapsed = 00:00:32 . Memory (MB): peak = 1397.551 ; gain = 995.289
INFO: [Common 17-1381] The checkpoint 'D:/schemotechnika/prac3_all_files/prac_4/prac_4.runs/synth_1/top_fsm_div.dcp' has been generated.
INFO: [runtcl-4] Executing : report_utilization -file top_fsm_div_utilization_synth.rpt -pb top_fsm_div_utilization_synth.pb
INFO: [Common 17-206] Exiting Vivado at Fri Apr 12 12:17:07 2024...
