Time resolution is 1 ps

Сценарий 1. все переменные равны 0)

[25000]: Сигнал 1 подан на линию btn_c_in.
[365000]: Сигнал 1 убран с линии btn_c_in, подан сигнал 0

[375000]: Сигнал 0 подан на линию btn_c_in.
[715000]: Сигнал 0 убран с линии btn_c_in, подан сигнал 0

1) Проверка ввода 1 числа.

[785000] Номер младшего индикатора: 0
Количество индикаторов:  1
Значение: 00000000
[795000] Номер индикатора: 0
Ожидаемые сигналы на линии катодов (CATH): 1000000
Фактические сигналы на линии катодов (CATH): 1000000

[100035000]: Сигнал 1 подан на линию btn_c_in.
[100375000]: Сигнал 1 убран с линии btn_c_in, подан сигнал 0

[100385000]: Сигнал 0 подан на линию btn_c_in.
[100725000]: Сигнал 0 убран с линии btn_c_in, подан сигнал 0

2) Проверка ввода 2 числа.

[100785000] Номер младшего индикатора: 0
Количество индикаторов:  1
Значение: 00000000
[100795000] Номер индикатора: 0
Ожидаемые сигналы на линии катодов (CATH): 1000000
Фактические сигналы на линии катодов (CATH): 1000000

[200035000]: Сигнал 1 подан на линию btn_c_in.
[200375000]: Сигнал 1 убран с линии btn_c_in, подан сигнал 0

[200385000]: Сигнал 0 подан на линию btn_c_in.
[200725000]: Сигнал 0 убран с линии btn_c_in, подан сигнал 0

2) Проверка ввода 3 числа.

[200785000] Номер младшего индикатора: 0
Количество индикаторов:  1
Значение: 00000001
[200795000] Номер индикатора: 0
Ожидаемые сигналы на линии катодов (CATH): 1111001
Фактические сигналы на линии катодов (CATH): 1111001

[300035000]: Сигнал 1 подан на линию btn_c_in.
[300375000]: Сигнал 1 убран с линии btn_c_in, подан сигнал 0

[300385000]: Сигнал 0 подан на линию btn_c_in.
[300725000]: Сигнал 0 убран с линии btn_c_in, подан сигнал 0

2) Проверка ввода 4 числа.

[300785000] Номер младшего индикатора: 0
Количество индикаторов:  1
Значение: 00000000
[300795000] Номер индикатора: 0
Ожидаемые сигналы на линии катодов (CATH): 1000000
Фактические сигналы на линии катодов (CATH): 1000000

3) Проверка наличия сигнала готовности выходных данных на светодиоде.
Сигнал готовности выходных данных отсутствует на шине valid_out_LED

4) Проверка вывода результата на индикаторах.

[400135000] Номер младшего индикатора: 7
Количество индикаторов:  1
Значение: 00000000
[400145000] Номер индикатора: 7
Ожидаемые сигналы на линии катодов (CATH): 1000000
Фактические сигналы на линии катодов (CATH): 1000000

5) Проверка вывода ошибки на индикаторах.

[500065000] Номер младшего индикатора: 4
Количество индикаторов:  1
Значение: 00000000
[500075000] Номер индикатора: 4
Ожидаемые сигналы на линии катодов (CATH): 1000000
Фактические сигналы на линии катодов (CATH): 1000000

[600025000]: Сигнал 1 подан на линию btn_c_in.
[600365000]: Сигнал 1 убран с линии btn_c_in, подан сигнал 0

[600375000]: Сигнал 0 подан на линию btn_c_in.
[600715000]: Сигнал 0 убран с линии btn_c_in, подан сигнал 0

6) Проверка сброса сигнала готовности выходных данных на светодиоде.
Сигнал готовности выходных данных присутствует на шине valid_out_LED

7) Проверка сброса результата на индикаторах.

[600775000] Номер младшего индикатора: 7
Количество индикаторов:  1
Значение: 00000000
[600785000] Номер индикатора: 7
Ожидаемые сигналы на линии катодов (CATH): 1000000
Фактические сигналы на линии катодов (CATH): 1000000

Сценарий 2.а = 1, b = 2, c = 0, d = 1

[700035000]: Сигнал 1 подан на линию btn_c_in.
[700375000]: Сигнал 1 убран с линии btn_c_in, подан сигнал 0

[700385000]: Сигнал 0 подан на линию btn_c_in.
[700725000]: Сигнал 0 убран с линии btn_c_in, подан сигнал 0

1) Проверка ввода 1 числа.

[700785000] Номер младшего индикатора: 0
Количество индикаторов:  1
Значение: 00000001
[700795000] Номер индикатора: 0
Ожидаемые сигналы на линии катодов (CATH): 1111001
Фактические сигналы на линии катодов (CATH): 1111001

[800035000]: Сигнал 1 подан на линию btn_c_in.
[800375000]: Сигнал 1 убран с линии btn_c_in, подан сигнал 0

[800385000]: Сигнал 0 подан на линию btn_c_in.
[800725000]: Сигнал 0 убран с линии btn_c_in, подан сигнал 0

2) Проверка ввода 2 числа.

[800785000] Номер младшего индикатора: 0
Количество индикаторов:  1
Значение: 00000002
[800795000] Номер индикатора: 0
Ожидаемые сигналы на линии катодов (CATH): 0100100
Фактические сигналы на линии катодов (CATH): 0100100

[900035000]: Сигнал 1 подан на линию btn_c_in.
[900375000]: Сигнал 1 убран с линии btn_c_in, подан сигнал 0

[900385000]: Сигнал 0 подан на линию btn_c_in.
[900725000]: Сигнал 0 убран с линии btn_c_in, подан сигнал 0

2) Проверка ввода 3 числа.

[900785000] Номер младшего индикатора: 0
Количество индикаторов:  1
Значение: 00000000
[900795000] Номер индикатора: 0
Ожидаемые сигналы на линии катодов (CATH): 1000000
Фактические сигналы на линии катодов (CATH): 1000000

[1000035000]: Сигнал 1 подан на линию btn_c_in.
[1000375000]: Сигнал 1 убран с линии btn_c_in, подан сигнал 0

[1000385000]: Сигнал 0 подан на линию btn_c_in.
[1000725000]: Сигнал 0 убран с линии btn_c_in, подан сигнал 0

2) Проверка ввода 4 числа.

[1000785000] Номер младшего индикатора: 0
Количество индикаторов:  1
Значение: 00000001
[1000795000] Номер индикатора: 0
Ожидаемые сигналы на линии катодов (CATH): 1111001
Фактические сигналы на линии катодов (CATH): 1111001

3) Проверка наличия сигнала готовности выходных данных на светодиоде.
Сигнал готовности выходных данных отсутствует на шине valid_out_LED

4) Проверка вывода результата на индикаторах.

[1100135000] Номер младшего индикатора: 7
Количество индикаторов:  1
Значение: 00000001
[1100145000] Номер индикатора: 7
Ожидаемые сигналы на линии катодов (CATH): 1111001
Фактические сигналы на линии катодов (CATH): 1000000

5) Проверка вывода ошибки на индикаторах.

[1200065000] Номер младшего индикатора: 4
Количество индикаторов:  1
Значение: 00000000
[1200075000] Номер индикатора: 4
Ожидаемые сигналы на линии катодов (CATH): 1000000
Фактические сигналы на линии катодов (CATH): 1000000

[1300025000]: Сигнал 1 подан на линию btn_c_in.
[1300365000]: Сигнал 1 убран с линии btn_c_in, подан сигнал 0

[1300375000]: Сигнал 0 подан на линию btn_c_in.
[1300715000]: Сигнал 0 убран с линии btn_c_in, подан сигнал 0

6) Проверка сброса сигнала готовности выходных данных на светодиоде.
Сигнал готовности выходных данных отсутствует на шине valid_out_LED

7) Проверка сброса результата на индикаторах.

[1300775000] Номер младшего индикатора: 7
Количество индикаторов:  1
Значение: 00000000
[1300785000] Номер индикатора: 7
Ожидаемые сигналы на линии катодов (CATH): 1000000
Фактические сигналы на линии катодов (CATH): 1000000

[1400015000]: Результаты тестирования:
Сценарий 1 НЕ пройден.
Ошибка на шаге 5
Сценарий 2 НЕ пройден.
Ошибка на шаге 5
Ошибка на шаге 7
Пройдено сценариев: 0/2
