Copyright 1986-2022 Xilinx, Inc. All Rights Reserved.
---------------------------------------------------------------------------------------------------------------------------------------------------------------------------------------------------------------
| Tool Version : Vivado v.2022.2 (win64) Build 3671981 Fri Oct 14 05:00:03 MDT 2022
| Date         : Fri May 10 12:12:24 2024
| Host         : Magic running 64-bit major release  (build 9200)
| Command      : report_timing_summary -max_paths 10 -report_unconstrained -file combsh_timing_summary_routed.rpt -pb combsh_timing_summary_routed.pb -rpx combsh_timing_summary_routed.rpx -warn_on_violation
| Design       : combsh
| Device       : 7a100t-csg324
| Speed File   : -1  PRODUCTION 1.23 2018-06-13
---------------------------------------------------------------------------------------------------------------------------------------------------------------------------------------------------------------

Timing Summary Report

------------------------------------------------------------------------------------------------
| Timer Settings
| --------------
------------------------------------------------------------------------------------------------

  Enable Multi Corner Analysis               :  Yes
  Enable Pessimism Removal                   :  Yes
  Pessimism Removal Resolution               :  Nearest Common Node
  Enable Input Delay Default Clock           :  No
  Enable Preset / Clear Arcs                 :  No
  Disable Flight Delays                      :  No
  Ignore I/O Paths                           :  No
  Timing Early Launch at Borrowing Latches   :  No
  Borrow Time for Max Delay Exceptions       :  Yes
  Merge Timing Exceptions                    :  Yes

  Corner  Analyze    Analyze    
  Name    Max Paths  Min Paths  
  ------  ---------  ---------  
  Slow    Yes        Yes        
  Fast    Yes        Yes        


------------------------------------------------------------------------------------------------
| Report Methodology
| ------------------
------------------------------------------------------------------------------------------------

No report available as report_methodology has not been run prior. Run report_methodology on the current design for the summary of methodology violations.



check_timing report

Table of Contents
-----------------
1. checking no_clock (0)
2. checking constant_clock (0)
3. checking pulse_width_clock (0)
4. checking unconstrained_internal_endpoints (0)
5. checking no_input_delay (0)
6. checking no_output_delay (0)
7. checking multiple_clock (0)
8. checking generated_clocks (0)
9. checking loops (0)
10. checking partial_input_delay (0)
11. checking partial_output_delay (0)
12. checking latch_loops (0)

1. checking no_clock (0)
------------------------
 There are 0 register/latch pins with no clock.


2. checking constant_clock (0)
------------------------------
 There are 0 register/latch pins with constant_clock.


3. checking pulse_width_clock (0)
---------------------------------
 There are 0 register/latch pins which need pulse_width check


4. checking unconstrained_internal_endpoints (0)
------------------------------------------------
 There are 0 pins that are not constrained for maximum delay.

 There are 0 pins that are not constrained for maximum delay due to constant clock.


5. checking no_input_delay (0)
------------------------------
 There are 0 input ports with no input delay specified.

 There are 0 input ports with no input delay but user has a false path constraint.


6. checking no_output_delay (0)
-------------------------------
 There are 0 ports with no output delay specified.

 There are 0 ports with no output delay but user has a false path constraint

 There are 0 ports with no output delay but with a timing clock defined on it or propagating through it


7. checking multiple_clock (0)
------------------------------
 There are 0 register/latch pins with multiple clocks.


8. checking generated_clocks (0)
--------------------------------
 There are 0 generated clocks that are not connected to a clock source.


9. checking loops (0)
---------------------
 There are 0 combinational loops in the design.


10. checking partial_input_delay (0)
------------------------------------
 There are 0 input ports with partial input delay specified.


11. checking partial_output_delay (0)
-------------------------------------
 There are 0 ports with partial output delay specified.


12. checking latch_loops (0)
----------------------------
 There are 0 combinational latch loops in the design through latch input



------------------------------------------------------------------------------------------------
| Design Timing Summary
| ---------------------
------------------------------------------------------------------------------------------------

    WNS(ns)      TNS(ns)  TNS Failing Endpoints  TNS Total Endpoints      WHS(ns)      THS(ns)  THS Failing Endpoints  THS Total Endpoints     WPWS(ns)     TPWS(ns)  TPWS Failing Endpoints  TPWS Total Endpoints  
    -------      -------  ---------------------  -------------------      -------      -------  ---------------------  -------------------     --------     --------  ----------------------  --------------------  
        inf        0.000                      0                   33          inf        0.000                      0                   33           NA           NA                      NA                    NA  


There are no user specified timing constraints.


------------------------------------------------------------------------------------------------
| Clock Summary
| -------------
------------------------------------------------------------------------------------------------


------------------------------------------------------------------------------------------------
| Intra Clock Table
| -----------------
------------------------------------------------------------------------------------------------

Clock             WNS(ns)      TNS(ns)  TNS Failing Endpoints  TNS Total Endpoints      WHS(ns)      THS(ns)  THS Failing Endpoints  THS Total Endpoints     WPWS(ns)     TPWS(ns)  TPWS Failing Endpoints  TPWS Total Endpoints  
-----             -------      -------  ---------------------  -------------------      -------      -------  ---------------------  -------------------     --------     --------  ----------------------  --------------------  


------------------------------------------------------------------------------------------------
| Inter Clock Table
| -----------------
------------------------------------------------------------------------------------------------

From Clock    To Clock          WNS(ns)      TNS(ns)  TNS Failing Endpoints  TNS Total Endpoints      WHS(ns)      THS(ns)  THS Failing Endpoints  THS Total Endpoints  
----------    --------          -------      -------  ---------------------  -------------------      -------      -------  ---------------------  -------------------  


------------------------------------------------------------------------------------------------
| Other Path Groups Table
| -----------------------
------------------------------------------------------------------------------------------------

Path Group    From Clock    To Clock          WNS(ns)      TNS(ns)  TNS Failing Endpoints  TNS Total Endpoints      WHS(ns)      THS(ns)  THS Failing Endpoints  THS Total Endpoints  
----------    ----------    --------          -------      -------  ---------------------  -------------------      -------      -------  ---------------------  -------------------  


------------------------------------------------------------------------------------------------
| User Ignored Path Table
| -----------------------
------------------------------------------------------------------------------------------------

Path Group    From Clock    To Clock    
----------    ----------    --------    


------------------------------------------------------------------------------------------------
| Unconstrained Path Table
| ------------------------
------------------------------------------------------------------------------------------------

Path Group    From Clock    To Clock    
----------    ----------    --------    
(none)                                    


------------------------------------------------------------------------------------------------
| Timing Details
| --------------
------------------------------------------------------------------------------------------------


--------------------------------------------------------------------------------------
Path Group:  (none)
From Clock:  
  To Clock:  

Max Delay            33 Endpoints
Min Delay            33 Endpoints
--------------------------------------------------------------------------------------


Max Delay Paths
--------------------------------------------------------------------------------------
Slack:                    inf
  Source:                 b[31]
                            (input port)
  Destination:            res[29]
                            (output port)
  Path Group:             (none)
  Path Type:              Max at Slow Process Corner
  Data Path Delay:        20.573ns  (logic 4.975ns (24.183%)  route 15.598ns (75.817%))
  Logic Levels:           11  (IBUF=1 LUT3=1 LUT4=1 LUT5=2 LUT6=5 OBUF=1)

    Location             Delay type                Incr(ns)  Path(ns)    Netlist Resource(s)
  -------------------------------------------------------------------    -------------------
    P18                                               0.000     0.000 f  b[31] (IN)
                         net (fo=0)                   0.000     0.000    b[31]
    P18                  IBUF (Prop_ibuf_I_O)         0.965     0.965 f  b_IBUF[31]_inst/O
                         net (fo=1, routed)           1.379     2.344    b_IBUF[31]
    SLICE_X0Y79          LUT4 (Prop_lut4_I2_O)        0.124     2.468 f  res_OBUF[1]_inst_i_9/O
                         net (fo=1, routed)           0.940     3.409    res_OBUF[1]_inst_i_9_n_0
    SLICE_X0Y76          LUT5 (Prop_lut5_I4_O)        0.124     3.533 f  res_OBUF[1]_inst_i_6/O
                         net (fo=29, routed)          1.098     4.631    res_OBUF[1]_inst_i_6_n_0
    SLICE_X0Y66          LUT5 (Prop_lut5_I3_O)        0.124     4.755 r  res_OBUF[1]_inst_i_4/O
                         net (fo=36, routed)          4.016     8.771    res_OBUF[1]_inst_i_4_n_0
    SLICE_X4Y114         LUT6 (Prop_lut6_I2_O)        0.124     8.895 r  res_OBUF[32]_inst_i_129/O
                         net (fo=4, routed)           1.975    10.870    res_OBUF[32]_inst_i_129_n_0
    SLICE_X6Y106         LUT6 (Prop_lut6_I5_O)        0.124    10.994 r  res_OBUF[32]_inst_i_102/O
                         net (fo=1, routed)           0.642    11.636    res_OBUF[32]_inst_i_102_n_0
    SLICE_X6Y105         LUT6 (Prop_lut6_I4_O)        0.124    11.760 r  res_OBUF[32]_inst_i_55/O
                         net (fo=3, routed)           0.822    12.581    res_OBUF[32]_inst_i_55_n_0
    SLICE_X5Y105         LUT6 (Prop_lut6_I0_O)        0.124    12.705 r  res_OBUF[32]_inst_i_23/O
                         net (fo=2, routed)           1.043    13.748    res_OBUF[32]_inst_i_23_n_0
    SLICE_X3Y105         LUT3 (Prop_lut3_I2_O)        0.152    13.900 r  res_OBUF[30]_inst_i_2/O
                         net (fo=2, routed)           0.793    14.693    res_OBUF[30]_inst_i_2_n_0
    SLICE_X0Y107         LUT6 (Prop_lut6_I4_O)        0.332    15.025 r  res_OBUF[29]_inst_i_1/O
                         net (fo=1, routed)           2.890    17.915    res_OBUF[29]
    B12                  OBUF (Prop_obuf_I_O)         2.658    20.573 r  res_OBUF[29]_inst/O
                         net (fo=0)                   0.000    20.573    res[29]
    B12                                                               r  res[29] (OUT)
  -------------------------------------------------------------------    -------------------

Slack:                    inf
  Source:                 b[31]
                            (input port)
  Destination:            res[32]
                            (output port)
  Path Group:             (none)
  Path Type:              Max at Slow Process Corner
  Data Path Delay:        20.411ns  (logic 4.732ns (23.181%)  route 15.680ns (76.819%))
  Logic Levels:           11  (IBUF=1 LUT4=1 LUT5=3 LUT6=5 OBUF=1)

    Location             Delay type                Incr(ns)  Path(ns)    Netlist Resource(s)
  -------------------------------------------------------------------    -------------------
    P18                                               0.000     0.000 f  b[31] (IN)
                         net (fo=0)                   0.000     0.000    b[31]
    P18                  IBUF (Prop_ibuf_I_O)         0.965     0.965 f  b_IBUF[31]_inst/O
                         net (fo=1, routed)           1.379     2.344    b_IBUF[31]
    SLICE_X0Y79          LUT4 (Prop_lut4_I2_O)        0.124     2.468 f  res_OBUF[1]_inst_i_9/O
                         net (fo=1, routed)           0.940     3.409    res_OBUF[1]_inst_i_9_n_0
    SLICE_X0Y76          LUT5 (Prop_lut5_I4_O)        0.124     3.533 f  res_OBUF[1]_inst_i_6/O
                         net (fo=29, routed)          1.098     4.631    res_OBUF[1]_inst_i_6_n_0
    SLICE_X0Y66          LUT5 (Prop_lut5_I3_O)        0.124     4.755 r  res_OBUF[1]_inst_i_4/O
                         net (fo=36, routed)          4.016     8.771    res_OBUF[1]_inst_i_4_n_0
    SLICE_X4Y114         LUT6 (Prop_lut6_I2_O)        0.124     8.895 r  res_OBUF[32]_inst_i_129/O
                         net (fo=4, routed)           1.975    10.870    res_OBUF[32]_inst_i_129_n_0
    SLICE_X6Y106         LUT6 (Prop_lut6_I5_O)        0.124    10.994 r  res_OBUF[32]_inst_i_102/O
                         net (fo=1, routed)           0.642    11.636    res_OBUF[32]_inst_i_102_n_0
    SLICE_X6Y105         LUT6 (Prop_lut6_I4_O)        0.124    11.760 r  res_OBUF[32]_inst_i_55/O
                         net (fo=3, routed)           0.822    12.581    res_OBUF[32]_inst_i_55_n_0
    SLICE_X5Y105         LUT6 (Prop_lut6_I0_O)        0.124    12.705 r  res_OBUF[32]_inst_i_23/O
                         net (fo=2, routed)           0.722    13.428    res_OBUF[32]_inst_i_23_n_0
    SLICE_X4Y105         LUT5 (Prop_lut5_I0_O)        0.124    13.552 r  res_OBUF[32]_inst_i_6/O
                         net (fo=2, routed)           0.984    14.536    res_OBUF[32]_inst_i_6_n_0
    SLICE_X0Y107         LUT6 (Prop_lut6_I5_O)        0.124    14.660 r  res_OBUF[32]_inst_i_1/O
                         net (fo=1, routed)           3.100    17.761    res_OBUF[32]
    B13                  OBUF (Prop_obuf_I_O)         2.651    20.411 r  res_OBUF[32]_inst/O
                         net (fo=0)                   0.000    20.411    res[32]
    B13                                                               r  res[32] (OUT)
  -------------------------------------------------------------------    -------------------

Slack:                    inf
  Source:                 b[31]
                            (input port)
  Destination:            res[19]
                            (output port)
  Path Group:             (none)
  Path Type:              Max at Slow Process Corner
  Data Path Delay:        20.331ns  (logic 4.978ns (24.485%)  route 15.353ns (75.515%))
  Logic Levels:           11  (IBUF=1 LUT4=2 LUT5=2 LUT6=5 OBUF=1)

    Location             Delay type                Incr(ns)  Path(ns)    Netlist Resource(s)
  -------------------------------------------------------------------    -------------------
    P18                                               0.000     0.000 f  b[31] (IN)
                         net (fo=0)                   0.000     0.000    b[31]
    P18                  IBUF (Prop_ibuf_I_O)         0.965     0.965 f  b_IBUF[31]_inst/O
                         net (fo=1, routed)           1.379     2.344    b_IBUF[31]
    SLICE_X0Y79          LUT4 (Prop_lut4_I2_O)        0.124     2.468 f  res_OBUF[1]_inst_i_9/O
                         net (fo=1, routed)           0.940     3.409    res_OBUF[1]_inst_i_9_n_0
    SLICE_X0Y76          LUT5 (Prop_lut5_I4_O)        0.124     3.533 f  res_OBUF[1]_inst_i_6/O
                         net (fo=29, routed)          1.098     4.631    res_OBUF[1]_inst_i_6_n_0
    SLICE_X0Y66          LUT5 (Prop_lut5_I3_O)        0.124     4.755 r  res_OBUF[1]_inst_i_4/O
                         net (fo=36, routed)          4.016     8.771    res_OBUF[1]_inst_i_4_n_0
    SLICE_X4Y114         LUT6 (Prop_lut6_I2_O)        0.124     8.895 r  res_OBUF[32]_inst_i_129/O
                         net (fo=4, routed)           1.975    10.870    res_OBUF[32]_inst_i_129_n_0
    SLICE_X6Y106         LUT6 (Prop_lut6_I5_O)        0.124    10.994 r  res_OBUF[32]_inst_i_102/O
                         net (fo=1, routed)           0.642    11.636    res_OBUF[32]_inst_i_102_n_0
    SLICE_X6Y105         LUT6 (Prop_lut6_I4_O)        0.124    11.760 r  res_OBUF[32]_inst_i_55/O
                         net (fo=3, routed)           1.084    12.844    res_OBUF[32]_inst_i_55_n_0
    SLICE_X3Y104         LUT4 (Prop_lut4_I3_O)        0.152    12.996 r  res_OBUF[24]_inst_i_3/O
                         net (fo=4, routed)           0.887    13.883    res_OBUF[24]_inst_i_3_n_0
    SLICE_X2Y104         LUT6 (Prop_lut6_I1_O)        0.332    14.215 r  res_OBUF[20]_inst_i_2/O
                         net (fo=2, routed)           0.655    14.870    res_OBUF[20]_inst_i_2_n_0
    SLICE_X0Y105         LUT6 (Prop_lut6_I1_O)        0.124    14.994 r  res_OBUF[19]_inst_i_1/O
                         net (fo=1, routed)           2.676    17.670    res_OBUF[19]
    A16                  OBUF (Prop_obuf_I_O)         2.661    20.331 r  res_OBUF[19]_inst/O
                         net (fo=0)                   0.000    20.331    res[19]
    A16                                                               r  res[19] (OUT)
  -------------------------------------------------------------------    -------------------

Slack:                    inf
  Source:                 b[31]
                            (input port)
  Destination:            res[21]
                            (output port)
  Path Group:             (none)
  Path Type:              Max at Slow Process Corner
  Data Path Delay:        20.263ns  (logic 4.957ns (24.463%)  route 15.306ns (75.537%))
  Logic Levels:           11  (IBUF=1 LUT4=2 LUT5=2 LUT6=5 OBUF=1)

    Location             Delay type                Incr(ns)  Path(ns)    Netlist Resource(s)
  -------------------------------------------------------------------    -------------------
    P18                                               0.000     0.000 f  b[31] (IN)
                         net (fo=0)                   0.000     0.000    b[31]
    P18                  IBUF (Prop_ibuf_I_O)         0.965     0.965 f  b_IBUF[31]_inst/O
                         net (fo=1, routed)           1.379     2.344    b_IBUF[31]
    SLICE_X0Y79          LUT4 (Prop_lut4_I2_O)        0.124     2.468 f  res_OBUF[1]_inst_i_9/O
                         net (fo=1, routed)           0.940     3.409    res_OBUF[1]_inst_i_9_n_0
    SLICE_X0Y76          LUT5 (Prop_lut5_I4_O)        0.124     3.533 f  res_OBUF[1]_inst_i_6/O
                         net (fo=29, routed)          1.098     4.631    res_OBUF[1]_inst_i_6_n_0
    SLICE_X0Y66          LUT5 (Prop_lut5_I3_O)        0.124     4.755 r  res_OBUF[1]_inst_i_4/O
                         net (fo=36, routed)          4.016     8.771    res_OBUF[1]_inst_i_4_n_0
    SLICE_X4Y114         LUT6 (Prop_lut6_I2_O)        0.124     8.895 r  res_OBUF[32]_inst_i_129/O
                         net (fo=4, routed)           1.975    10.870    res_OBUF[32]_inst_i_129_n_0
    SLICE_X6Y106         LUT6 (Prop_lut6_I5_O)        0.124    10.994 r  res_OBUF[32]_inst_i_102/O
                         net (fo=1, routed)           0.642    11.636    res_OBUF[32]_inst_i_102_n_0
    SLICE_X6Y105         LUT6 (Prop_lut6_I4_O)        0.124    11.760 r  res_OBUF[32]_inst_i_55/O
                         net (fo=3, routed)           1.084    12.844    res_OBUF[32]_inst_i_55_n_0
    SLICE_X3Y104         LUT4 (Prop_lut4_I3_O)        0.152    12.996 r  res_OBUF[24]_inst_i_3/O
                         net (fo=4, routed)           0.551    13.546    res_OBUF[24]_inst_i_3_n_0
    SLICE_X2Y104         LUT6 (Prop_lut6_I3_O)        0.332    13.878 r  res_OBUF[22]_inst_i_2/O
                         net (fo=2, routed)           0.956    14.835    res_OBUF[22]_inst_i_2_n_0
    SLICE_X1Y106         LUT6 (Prop_lut6_I1_O)        0.124    14.959 r  res_OBUF[21]_inst_i_1/O
                         net (fo=1, routed)           2.664    17.623    res_OBUF[21]
    B17                  OBUF (Prop_obuf_I_O)         2.640    20.263 r  res_OBUF[21]_inst/O
                         net (fo=0)                   0.000    20.263    res[21]
    B17                                                               r  res[21] (OUT)
  -------------------------------------------------------------------    -------------------

Slack:                    inf
  Source:                 b[31]
                            (input port)
  Destination:            res[24]
                            (output port)
  Path Group:             (none)
  Path Type:              Max at Slow Process Corner
  Data Path Delay:        20.183ns  (logic 4.961ns (24.579%)  route 15.222ns (75.421%))
  Logic Levels:           11  (IBUF=1 LUT4=2 LUT5=3 LUT6=4 OBUF=1)

    Location             Delay type                Incr(ns)  Path(ns)    Netlist Resource(s)
  -------------------------------------------------------------------    -------------------
    P18                                               0.000     0.000 f  b[31] (IN)
                         net (fo=0)                   0.000     0.000    b[31]
    P18                  IBUF (Prop_ibuf_I_O)         0.965     0.965 f  b_IBUF[31]_inst/O
                         net (fo=1, routed)           1.379     2.344    b_IBUF[31]
    SLICE_X0Y79          LUT4 (Prop_lut4_I2_O)        0.124     2.468 f  res_OBUF[1]_inst_i_9/O
                         net (fo=1, routed)           0.940     3.409    res_OBUF[1]_inst_i_9_n_0
    SLICE_X0Y76          LUT5 (Prop_lut5_I4_O)        0.124     3.533 f  res_OBUF[1]_inst_i_6/O
                         net (fo=29, routed)          1.098     4.631    res_OBUF[1]_inst_i_6_n_0
    SLICE_X0Y66          LUT5 (Prop_lut5_I3_O)        0.124     4.755 r  res_OBUF[1]_inst_i_4/O
                         net (fo=36, routed)          4.016     8.771    res_OBUF[1]_inst_i_4_n_0
    SLICE_X4Y114         LUT6 (Prop_lut6_I2_O)        0.124     8.895 r  res_OBUF[32]_inst_i_129/O
                         net (fo=4, routed)           1.975    10.870    res_OBUF[32]_inst_i_129_n_0
    SLICE_X6Y106         LUT6 (Prop_lut6_I5_O)        0.124    10.994 r  res_OBUF[32]_inst_i_102/O
                         net (fo=1, routed)           0.642    11.636    res_OBUF[32]_inst_i_102_n_0
    SLICE_X6Y105         LUT6 (Prop_lut6_I4_O)        0.124    11.760 r  res_OBUF[32]_inst_i_55/O
                         net (fo=3, routed)           1.084    12.844    res_OBUF[32]_inst_i_55_n_0
    SLICE_X3Y104         LUT4 (Prop_lut4_I3_O)        0.152    12.996 r  res_OBUF[24]_inst_i_3/O
                         net (fo=4, routed)           0.700    13.695    res_OBUF[24]_inst_i_3_n_0
    SLICE_X2Y105         LUT5 (Prop_lut5_I0_O)        0.332    14.027 r  res_OBUF[24]_inst_i_2/O
                         net (fo=2, routed)           0.956    14.984    res_OBUF[24]_inst_i_2_n_0
    SLICE_X1Y107         LUT6 (Prop_lut6_I5_O)        0.124    15.108 r  res_OBUF[24]_inst_i_1/O
                         net (fo=1, routed)           2.431    17.539    res_OBUF[24]
    D12                  OBUF (Prop_obuf_I_O)         2.644    20.183 r  res_OBUF[24]_inst/O
                         net (fo=0)                   0.000    20.183    res[24]
    D12                                                               r  res[24] (OUT)
  -------------------------------------------------------------------    -------------------

Slack:                    inf
  Source:                 b[31]
                            (input port)
  Destination:            res[30]
                            (output port)
  Path Group:             (none)
  Path Type:              Max at Slow Process Corner
  Data Path Delay:        20.117ns  (logic 4.972ns (24.715%)  route 15.145ns (75.285%))
  Logic Levels:           11  (IBUF=1 LUT3=1 LUT4=1 LUT5=2 LUT6=5 OBUF=1)

    Location             Delay type                Incr(ns)  Path(ns)    Netlist Resource(s)
  -------------------------------------------------------------------    -------------------
    P18                                               0.000     0.000 f  b[31] (IN)
                         net (fo=0)                   0.000     0.000    b[31]
    P18                  IBUF (Prop_ibuf_I_O)         0.965     0.965 f  b_IBUF[31]_inst/O
                         net (fo=1, routed)           1.379     2.344    b_IBUF[31]
    SLICE_X0Y79          LUT4 (Prop_lut4_I2_O)        0.124     2.468 f  res_OBUF[1]_inst_i_9/O
                         net (fo=1, routed)           0.940     3.409    res_OBUF[1]_inst_i_9_n_0
    SLICE_X0Y76          LUT5 (Prop_lut5_I4_O)        0.124     3.533 f  res_OBUF[1]_inst_i_6/O
                         net (fo=29, routed)          1.098     4.631    res_OBUF[1]_inst_i_6_n_0
    SLICE_X0Y66          LUT5 (Prop_lut5_I3_O)        0.124     4.755 r  res_OBUF[1]_inst_i_4/O
                         net (fo=36, routed)          4.016     8.771    res_OBUF[1]_inst_i_4_n_0
    SLICE_X4Y114         LUT6 (Prop_lut6_I2_O)        0.124     8.895 r  res_OBUF[32]_inst_i_129/O
                         net (fo=4, routed)           1.975    10.870    res_OBUF[32]_inst_i_129_n_0
    SLICE_X6Y106         LUT6 (Prop_lut6_I5_O)        0.124    10.994 r  res_OBUF[32]_inst_i_102/O
                         net (fo=1, routed)           0.642    11.636    res_OBUF[32]_inst_i_102_n_0
    SLICE_X6Y105         LUT6 (Prop_lut6_I4_O)        0.124    11.760 r  res_OBUF[32]_inst_i_55/O
                         net (fo=3, routed)           0.822    12.581    res_OBUF[32]_inst_i_55_n_0
    SLICE_X5Y105         LUT6 (Prop_lut6_I0_O)        0.124    12.705 r  res_OBUF[32]_inst_i_23/O
                         net (fo=2, routed)           1.043    13.748    res_OBUF[32]_inst_i_23_n_0
    SLICE_X3Y105         LUT3 (Prop_lut3_I2_O)        0.152    13.900 r  res_OBUF[30]_inst_i_2/O
                         net (fo=2, routed)           0.593    14.494    res_OBUF[30]_inst_i_2_n_0
    SLICE_X0Y108         LUT6 (Prop_lut6_I5_O)        0.332    14.826 r  res_OBUF[30]_inst_i_1/O
                         net (fo=1, routed)           2.636    17.462    res_OBUF[30]
    C12                  OBUF (Prop_obuf_I_O)         2.655    20.117 r  res_OBUF[30]_inst/O
                         net (fo=0)                   0.000    20.117    res[30]
    C12                                                               r  res[30] (OUT)
  -------------------------------------------------------------------    -------------------

Slack:                    inf
  Source:                 b[31]
                            (input port)
  Destination:            res[18]
                            (output port)
  Path Group:             (none)
  Path Type:              Max at Slow Process Corner
  Data Path Delay:        20.088ns  (logic 4.980ns (24.791%)  route 15.108ns (75.209%))
  Logic Levels:           11  (IBUF=1 LUT4=2 LUT5=2 LUT6=5 OBUF=1)

    Location             Delay type                Incr(ns)  Path(ns)    Netlist Resource(s)
  -------------------------------------------------------------------    -------------------
    P18                                               0.000     0.000 f  b[31] (IN)
                         net (fo=0)                   0.000     0.000    b[31]
    P18                  IBUF (Prop_ibuf_I_O)         0.965     0.965 f  b_IBUF[31]_inst/O
                         net (fo=1, routed)           1.379     2.344    b_IBUF[31]
    SLICE_X0Y79          LUT4 (Prop_lut4_I2_O)        0.124     2.468 f  res_OBUF[1]_inst_i_9/O
                         net (fo=1, routed)           0.940     3.409    res_OBUF[1]_inst_i_9_n_0
    SLICE_X0Y76          LUT5 (Prop_lut5_I4_O)        0.124     3.533 f  res_OBUF[1]_inst_i_6/O
                         net (fo=29, routed)          1.098     4.631    res_OBUF[1]_inst_i_6_n_0
    SLICE_X0Y66          LUT5 (Prop_lut5_I3_O)        0.124     4.755 r  res_OBUF[1]_inst_i_4/O
                         net (fo=36, routed)          4.016     8.771    res_OBUF[1]_inst_i_4_n_0
    SLICE_X4Y114         LUT6 (Prop_lut6_I2_O)        0.124     8.895 r  res_OBUF[32]_inst_i_129/O
                         net (fo=4, routed)           1.975    10.870    res_OBUF[32]_inst_i_129_n_0
    SLICE_X6Y106         LUT6 (Prop_lut6_I5_O)        0.124    10.994 r  res_OBUF[32]_inst_i_102/O
                         net (fo=1, routed)           0.642    11.636    res_OBUF[32]_inst_i_102_n_0
    SLICE_X6Y105         LUT6 (Prop_lut6_I4_O)        0.124    11.760 r  res_OBUF[32]_inst_i_55/O
                         net (fo=3, routed)           1.084    12.844    res_OBUF[32]_inst_i_55_n_0
    SLICE_X3Y104         LUT4 (Prop_lut4_I3_O)        0.152    12.996 r  res_OBUF[24]_inst_i_3/O
                         net (fo=4, routed)           1.094    14.090    res_OBUF[24]_inst_i_3_n_0
    SLICE_X2Y103         LUT6 (Prop_lut6_I5_O)        0.332    14.422 r  res_OBUF[18]_inst_i_2/O
                         net (fo=2, routed)           0.447    14.868    res_OBUF[18]_inst_i_2_n_0
    SLICE_X0Y105         LUT6 (Prop_lut6_I5_O)        0.124    14.992 r  res_OBUF[18]_inst_i_1/O
                         net (fo=1, routed)           2.433    17.425    res_OBUF[18]
    A13                  OBUF (Prop_obuf_I_O)         2.663    20.088 r  res_OBUF[18]_inst/O
                         net (fo=0)                   0.000    20.088    res[18]
    A13                                                               r  res[18] (OUT)
  -------------------------------------------------------------------    -------------------

Slack:                    inf
  Source:                 b[31]
                            (input port)
  Destination:            res[23]
                            (output port)
  Path Group:             (none)
  Path Type:              Max at Slow Process Corner
  Data Path Delay:        20.081ns  (logic 4.953ns (24.665%)  route 15.128ns (75.335%))
  Logic Levels:           11  (IBUF=1 LUT4=2 LUT5=3 LUT6=4 OBUF=1)

    Location             Delay type                Incr(ns)  Path(ns)    Netlist Resource(s)
  -------------------------------------------------------------------    -------------------
    P18                                               0.000     0.000 f  b[31] (IN)
                         net (fo=0)                   0.000     0.000    b[31]
    P18                  IBUF (Prop_ibuf_I_O)         0.965     0.965 f  b_IBUF[31]_inst/O
                         net (fo=1, routed)           1.379     2.344    b_IBUF[31]
    SLICE_X0Y79          LUT4 (Prop_lut4_I2_O)        0.124     2.468 f  res_OBUF[1]_inst_i_9/O
                         net (fo=1, routed)           0.940     3.409    res_OBUF[1]_inst_i_9_n_0
    SLICE_X0Y76          LUT5 (Prop_lut5_I4_O)        0.124     3.533 f  res_OBUF[1]_inst_i_6/O
                         net (fo=29, routed)          1.098     4.631    res_OBUF[1]_inst_i_6_n_0
    SLICE_X0Y66          LUT5 (Prop_lut5_I3_O)        0.124     4.755 r  res_OBUF[1]_inst_i_4/O
                         net (fo=36, routed)          4.016     8.771    res_OBUF[1]_inst_i_4_n_0
    SLICE_X4Y114         LUT6 (Prop_lut6_I2_O)        0.124     8.895 r  res_OBUF[32]_inst_i_129/O
                         net (fo=4, routed)           1.975    10.870    res_OBUF[32]_inst_i_129_n_0
    SLICE_X6Y106         LUT6 (Prop_lut6_I5_O)        0.124    10.994 r  res_OBUF[32]_inst_i_102/O
                         net (fo=1, routed)           0.642    11.636    res_OBUF[32]_inst_i_102_n_0
    SLICE_X6Y105         LUT6 (Prop_lut6_I4_O)        0.124    11.760 r  res_OBUF[32]_inst_i_55/O
                         net (fo=3, routed)           1.084    12.844    res_OBUF[32]_inst_i_55_n_0
    SLICE_X3Y104         LUT4 (Prop_lut4_I3_O)        0.152    12.996 r  res_OBUF[24]_inst_i_3/O
                         net (fo=4, routed)           0.700    13.695    res_OBUF[24]_inst_i_3_n_0
    SLICE_X2Y105         LUT5 (Prop_lut5_I0_O)        0.332    14.027 r  res_OBUF[24]_inst_i_2/O
                         net (fo=2, routed)           0.590    14.618    res_OBUF[24]_inst_i_2_n_0
    SLICE_X1Y106         LUT6 (Prop_lut6_I1_O)        0.124    14.742 r  res_OBUF[23]_inst_i_1/O
                         net (fo=1, routed)           2.703    17.445    res_OBUF[23]
    D13                  OBUF (Prop_obuf_I_O)         2.636    20.081 r  res_OBUF[23]_inst/O
                         net (fo=0)                   0.000    20.081    res[23]
    D13                                                               r  res[23] (OUT)
  -------------------------------------------------------------------    -------------------

Slack:                    inf
  Source:                 b[31]
                            (input port)
  Destination:            res[20]
                            (output port)
  Path Group:             (none)
  Path Type:              Max at Slow Process Corner
  Data Path Delay:        19.851ns  (logic 4.977ns (25.073%)  route 14.874ns (74.927%))
  Logic Levels:           11  (IBUF=1 LUT4=2 LUT5=2 LUT6=5 OBUF=1)

    Location             Delay type                Incr(ns)  Path(ns)    Netlist Resource(s)
  -------------------------------------------------------------------    -------------------
    P18                                               0.000     0.000 f  b[31] (IN)
                         net (fo=0)                   0.000     0.000    b[31]
    P18                  IBUF (Prop_ibuf_I_O)         0.965     0.965 f  b_IBUF[31]_inst/O
                         net (fo=1, routed)           1.379     2.344    b_IBUF[31]
    SLICE_X0Y79          LUT4 (Prop_lut4_I2_O)        0.124     2.468 f  res_OBUF[1]_inst_i_9/O
                         net (fo=1, routed)           0.940     3.409    res_OBUF[1]_inst_i_9_n_0
    SLICE_X0Y76          LUT5 (Prop_lut5_I4_O)        0.124     3.533 f  res_OBUF[1]_inst_i_6/O
                         net (fo=29, routed)          1.098     4.631    res_OBUF[1]_inst_i_6_n_0
    SLICE_X0Y66          LUT5 (Prop_lut5_I3_O)        0.124     4.755 r  res_OBUF[1]_inst_i_4/O
                         net (fo=36, routed)          4.016     8.771    res_OBUF[1]_inst_i_4_n_0
    SLICE_X4Y114         LUT6 (Prop_lut6_I2_O)        0.124     8.895 r  res_OBUF[32]_inst_i_129/O
                         net (fo=4, routed)           1.975    10.870    res_OBUF[32]_inst_i_129_n_0
    SLICE_X6Y106         LUT6 (Prop_lut6_I5_O)        0.124    10.994 r  res_OBUF[32]_inst_i_102/O
                         net (fo=1, routed)           0.642    11.636    res_OBUF[32]_inst_i_102_n_0
    SLICE_X6Y105         LUT6 (Prop_lut6_I4_O)        0.124    11.760 r  res_OBUF[32]_inst_i_55/O
                         net (fo=3, routed)           1.084    12.844    res_OBUF[32]_inst_i_55_n_0
    SLICE_X3Y104         LUT4 (Prop_lut4_I3_O)        0.152    12.996 r  res_OBUF[24]_inst_i_3/O
                         net (fo=4, routed)           0.887    13.883    res_OBUF[24]_inst_i_3_n_0
    SLICE_X2Y104         LUT6 (Prop_lut6_I1_O)        0.332    14.215 r  res_OBUF[20]_inst_i_2/O
                         net (fo=2, routed)           0.572    14.787    res_OBUF[20]_inst_i_2_n_0
    SLICE_X0Y106         LUT6 (Prop_lut6_I5_O)        0.124    14.911 r  res_OBUF[20]_inst_i_1/O
                         net (fo=1, routed)           2.280    17.191    res_OBUF[20]
    A15                  OBUF (Prop_obuf_I_O)         2.660    19.851 r  res_OBUF[20]_inst/O
                         net (fo=0)                   0.000    19.851    res[20]
    A15                                                               r  res[20] (OUT)
  -------------------------------------------------------------------    -------------------

Slack:                    inf
  Source:                 b[31]
                            (input port)
  Destination:            res[22]
                            (output port)
  Path Group:             (none)
  Path Type:              Max at Slow Process Corner
  Data Path Delay:        19.823ns  (logic 4.960ns (25.020%)  route 14.864ns (74.980%))
  Logic Levels:           11  (IBUF=1 LUT4=2 LUT5=2 LUT6=5 OBUF=1)

    Location             Delay type                Incr(ns)  Path(ns)    Netlist Resource(s)
  -------------------------------------------------------------------    -------------------
    P18                                               0.000     0.000 f  b[31] (IN)
                         net (fo=0)                   0.000     0.000    b[31]
    P18                  IBUF (Prop_ibuf_I_O)         0.965     0.965 f  b_IBUF[31]_inst/O
                         net (fo=1, routed)           1.379     2.344    b_IBUF[31]
    SLICE_X0Y79          LUT4 (Prop_lut4_I2_O)        0.124     2.468 f  res_OBUF[1]_inst_i_9/O
                         net (fo=1, routed)           0.940     3.409    res_OBUF[1]_inst_i_9_n_0
    SLICE_X0Y76          LUT5 (Prop_lut5_I4_O)        0.124     3.533 f  res_OBUF[1]_inst_i_6/O
                         net (fo=29, routed)          1.098     4.631    res_OBUF[1]_inst_i_6_n_0
    SLICE_X0Y66          LUT5 (Prop_lut5_I3_O)        0.124     4.755 r  res_OBUF[1]_inst_i_4/O
                         net (fo=36, routed)          4.016     8.771    res_OBUF[1]_inst_i_4_n_0
    SLICE_X4Y114         LUT6 (Prop_lut6_I2_O)        0.124     8.895 r  res_OBUF[32]_inst_i_129/O
                         net (fo=4, routed)           1.975    10.870    res_OBUF[32]_inst_i_129_n_0
    SLICE_X6Y106         LUT6 (Prop_lut6_I5_O)        0.124    10.994 r  res_OBUF[32]_inst_i_102/O
                         net (fo=1, routed)           0.642    11.636    res_OBUF[32]_inst_i_102_n_0
    SLICE_X6Y105         LUT6 (Prop_lut6_I4_O)        0.124    11.760 r  res_OBUF[32]_inst_i_55/O
                         net (fo=3, routed)           1.084    12.844    res_OBUF[32]_inst_i_55_n_0
    SLICE_X3Y104         LUT4 (Prop_lut4_I3_O)        0.152    12.996 r  res_OBUF[24]_inst_i_3/O
                         net (fo=4, routed)           0.551    13.546    res_OBUF[24]_inst_i_3_n_0
    SLICE_X2Y104         LUT6 (Prop_lut6_I3_O)        0.332    13.878 r  res_OBUF[22]_inst_i_2/O
                         net (fo=2, routed)           0.641    14.519    res_OBUF[22]_inst_i_2_n_0
    SLICE_X1Y106         LUT6 (Prop_lut6_I5_O)        0.124    14.643 r  res_OBUF[22]_inst_i_1/O
                         net (fo=1, routed)           2.538    17.181    res_OBUF[22]
    B16                  OBUF (Prop_obuf_I_O)         2.643    19.823 r  res_OBUF[22]_inst/O
                         net (fo=0)                   0.000    19.823    res[22]
    B16                                                               r  res[22] (OUT)
  -------------------------------------------------------------------    -------------------





Min Delay Paths
--------------------------------------------------------------------------------------
Slack:                    inf
  Source:                 a[1]
                            (input port)
  Destination:            res[9]
                            (output port)
  Path Group:             (none)
  Path Type:              Min at Fast Process Corner
  Data Path Delay:        3.060ns  (logic 1.522ns (49.737%)  route 1.538ns (50.263%))
  Logic Levels:           6  (IBUF=1 LUT6=4 OBUF=1)

    Location             Delay type                Incr(ns)  Path(ns)    Netlist Resource(s)
  -------------------------------------------------------------------    -------------------
    J15                                               0.000     0.000 r  a[1] (IN)
                         net (fo=0)                   0.000     0.000    a[1]
    J15                  IBUF (Prop_ibuf_I_O)         0.191     0.191 r  a_IBUF[1]_inst/O
                         net (fo=5, routed)           0.449     0.640    a_IBUF[1]
    SLICE_X5Y104         LUT6 (Prop_lut6_I4_O)        0.045     0.685 r  res_OBUF[10]_inst_i_17/O
                         net (fo=3, routed)           0.061     0.746    res_OBUF[10]_inst_i_17_n_0
    SLICE_X5Y104         LUT6 (Prop_lut6_I2_O)        0.045     0.791 r  res_OBUF[10]_inst_i_8/O
                         net (fo=5, routed)           0.382     1.173    res_OBUF[10]_inst_i_8_n_0
    SLICE_X1Y102         LUT6 (Prop_lut6_I2_O)        0.045     1.218 r  res_OBUF[10]_inst_i_3/O
                         net (fo=3, routed)           0.196     1.414    res_OBUF[10]_inst_i_3_n_0
    SLICE_X0Y101         LUT6 (Prop_lut6_I2_O)        0.045     1.459 r  res_OBUF[9]_inst_i_1/O
                         net (fo=1, routed)           0.450     1.909    res_OBUF[9]
    M18                  OBUF (Prop_obuf_I_O)         1.150     3.060 r  res_OBUF[9]_inst/O
                         net (fo=0)                   0.000     3.060    res[9]
    M18                                                               r  res[9] (OUT)
  -------------------------------------------------------------------    -------------------

Slack:                    inf
  Source:                 a[0]
                            (input port)
  Destination:            res[0]
                            (output port)
  Path Group:             (none)
  Path Type:              Min at Fast Process Corner
  Data Path Delay:        3.085ns  (logic 1.429ns (46.313%)  route 1.656ns (53.687%))
  Logic Levels:           5  (IBUF=1 LUT5=1 LUT6=2 OBUF=1)

    Location             Delay type                Incr(ns)  Path(ns)    Netlist Resource(s)
  -------------------------------------------------------------------    -------------------
    K16                                               0.000     0.000 r  a[0] (IN)
                         net (fo=0)                   0.000     0.000    a[0]
    K16                  IBUF (Prop_ibuf_I_O)         0.153     0.153 r  a_IBUF[0]_inst/O
                         net (fo=7, routed)           0.476     0.628    a_IBUF[0]
    SLICE_X2Y103         LUT6 (Prop_lut6_I3_O)        0.045     0.673 r  res_OBUF[1]_inst_i_3/O
                         net (fo=5, routed)           0.137     0.810    res_OBUF[1]_inst_i_3_n_0
    SLICE_X1Y103         LUT6 (Prop_lut6_I2_O)        0.045     0.855 r  res_OBUF[1]_inst_i_2/O
                         net (fo=4, routed)           0.506     1.362    res_OBUF[1]_inst_i_2_n_0
    SLICE_X1Y100         LUT5 (Prop_lut5_I3_O)        0.045     1.407 r  res_OBUF[0]_inst_i_1/O
                         net (fo=1, routed)           0.537     1.944    res_OBUF[0]
    N17                  OBUF (Prop_obuf_I_O)         1.141     3.085 r  res_OBUF[0]_inst/O
                         net (fo=0)                   0.000     3.085    res[0]
    N17                                                               r  res[0] (OUT)
  -------------------------------------------------------------------    -------------------

Slack:                    inf
  Source:                 a[0]
                            (input port)
  Destination:            res[1]
                            (output port)
  Path Group:             (none)
  Path Type:              Min at Fast Process Corner
  Data Path Delay:        3.100ns  (logic 1.447ns (46.680%)  route 1.653ns (53.320%))
  Logic Levels:           5  (IBUF=1 LUT6=3 OBUF=1)

    Location             Delay type                Incr(ns)  Path(ns)    Netlist Resource(s)
  -------------------------------------------------------------------    -------------------
    K16                                               0.000     0.000 r  a[0] (IN)
                         net (fo=0)                   0.000     0.000    a[0]
    K16                  IBUF (Prop_ibuf_I_O)         0.153     0.153 r  a_IBUF[0]_inst/O
                         net (fo=7, routed)           0.476     0.628    a_IBUF[0]
    SLICE_X2Y103         LUT6 (Prop_lut6_I3_O)        0.045     0.673 r  res_OBUF[1]_inst_i_3/O
                         net (fo=5, routed)           0.137     0.810    res_OBUF[1]_inst_i_3_n_0
    SLICE_X1Y103         LUT6 (Prop_lut6_I2_O)        0.045     0.855 r  res_OBUF[1]_inst_i_2/O
                         net (fo=4, routed)           0.508     1.363    res_OBUF[1]_inst_i_2_n_0
    SLICE_X0Y100         LUT6 (Prop_lut6_I4_O)        0.045     1.408 r  res_OBUF[1]_inst_i_1/O
                         net (fo=1, routed)           0.532     1.941    res_OBUF[1]
    P14                  OBUF (Prop_obuf_I_O)         1.160     3.100 r  res_OBUF[1]_inst/O
                         net (fo=0)                   0.000     3.100    res[1]
    P14                                                               r  res[1] (OUT)
  -------------------------------------------------------------------    -------------------

Slack:                    inf
  Source:                 a[2]
                            (input port)
  Destination:            res[17]
                            (output port)
  Path Group:             (none)
  Path Type:              Min at Fast Process Corner
  Data Path Delay:        3.119ns  (logic 1.570ns (50.346%)  route 1.549ns (49.654%))
  Logic Levels:           7  (IBUF=1 LUT3=1 LUT4=1 LUT6=3 OBUF=1)

    Location             Delay type                Incr(ns)  Path(ns)    Netlist Resource(s)
  -------------------------------------------------------------------    -------------------
    K15                                               0.000     0.000 r  a[2] (IN)
                         net (fo=0)                   0.000     0.000    a[2]
    K15                  IBUF (Prop_ibuf_I_O)         0.194     0.194 r  a_IBUF[2]_inst/O
                         net (fo=4, routed)           0.443     0.638    a_IBUF[2]
    SLICE_X5Y104         LUT6 (Prop_lut6_I5_O)        0.045     0.683 r  res_OBUF[5]_inst_i_4/O
                         net (fo=5, routed)           0.208     0.891    res_OBUF[5]_inst_i_4_n_0
    SLICE_X3Y104         LUT6 (Prop_lut6_I2_O)        0.045     0.936 r  res_OBUF[5]_inst_i_3/O
                         net (fo=4, routed)           0.290     1.226    res_OBUF[5]_inst_i_3_n_0
    SLICE_X0Y104         LUT4 (Prop_lut4_I0_O)        0.045     1.271 r  res_OBUF[17]_inst_i_3/O
                         net (fo=4, routed)           0.140     1.412    res_OBUF[17]_inst_i_3_n_0
    SLICE_X0Y103         LUT3 (Prop_lut3_I0_O)        0.045     1.457 r  res_OBUF[17]_inst_i_2/O
                         net (fo=2, routed)           0.110     1.566    res_OBUF[17]_inst_i_2_n_0
    SLICE_X0Y103         LUT6 (Prop_lut6_I5_O)        0.045     1.611 r  res_OBUF[17]_inst_i_1/O
                         net (fo=1, routed)           0.357     1.968    res_OBUF[17]
    R11                  OBUF (Prop_obuf_I_O)         1.151     3.119 r  res_OBUF[17]_inst/O
                         net (fo=0)                   0.000     3.119    res[17]
    R11                                                               r  res[17] (OUT)
  -------------------------------------------------------------------    -------------------

Slack:                    inf
  Source:                 a[0]
                            (input port)
  Destination:            res[3]
                            (output port)
  Path Group:             (none)
  Path Type:              Min at Fast Process Corner
  Data Path Delay:        3.176ns  (logic 1.494ns (47.050%)  route 1.682ns (52.950%))
  Logic Levels:           6  (IBUF=1 LUT4=1 LUT6=3 OBUF=1)

    Location             Delay type                Incr(ns)  Path(ns)    Netlist Resource(s)
  -------------------------------------------------------------------    -------------------
    K16                                               0.000     0.000 r  a[0] (IN)
                         net (fo=0)                   0.000     0.000    a[0]
    K16                  IBUF (Prop_ibuf_I_O)         0.153     0.153 r  a_IBUF[0]_inst/O
                         net (fo=7, routed)           0.476     0.628    a_IBUF[0]
    SLICE_X2Y103         LUT6 (Prop_lut6_I3_O)        0.045     0.673 r  res_OBUF[1]_inst_i_3/O
                         net (fo=5, routed)           0.137     0.810    res_OBUF[1]_inst_i_3_n_0
    SLICE_X1Y103         LUT6 (Prop_lut6_I2_O)        0.045     0.855 r  res_OBUF[1]_inst_i_2/O
                         net (fo=4, routed)           0.334     1.189    res_OBUF[1]_inst_i_2_n_0
    SLICE_X0Y101         LUT6 (Prop_lut6_I0_O)        0.045     1.234 r  res_OBUF[3]_inst_i_2/O
                         net (fo=2, routed)           0.210     1.444    res_OBUF[3]_inst_i_2_n_0
    SLICE_X0Y100         LUT4 (Prop_lut4_I3_O)        0.045     1.489 r  res_OBUF[3]_inst_i_1/O
                         net (fo=1, routed)           0.525     2.014    res_OBUF[3]
    T18                  OBUF (Prop_obuf_I_O)         1.162     3.176 r  res_OBUF[3]_inst/O
                         net (fo=0)                   0.000     3.176    res[3]
    T18                                                               r  res[3] (OUT)
  -------------------------------------------------------------------    -------------------

Slack:                    inf
  Source:                 a[0]
                            (input port)
  Destination:            res[2]
                            (output port)
  Path Group:             (none)
  Path Type:              Min at Fast Process Corner
  Data Path Delay:        3.177ns  (logic 1.493ns (46.989%)  route 1.684ns (53.011%))
  Logic Levels:           6  (IBUF=1 LUT4=1 LUT6=3 OBUF=1)

    Location             Delay type                Incr(ns)  Path(ns)    Netlist Resource(s)
  -------------------------------------------------------------------    -------------------
    K16                                               0.000     0.000 r  a[0] (IN)
                         net (fo=0)                   0.000     0.000    a[0]
    K16                  IBUF (Prop_ibuf_I_O)         0.153     0.153 r  a_IBUF[0]_inst/O
                         net (fo=7, routed)           0.476     0.628    a_IBUF[0]
    SLICE_X2Y103         LUT6 (Prop_lut6_I3_O)        0.045     0.673 r  res_OBUF[1]_inst_i_3/O
                         net (fo=5, routed)           0.137     0.810    res_OBUF[1]_inst_i_3_n_0
    SLICE_X1Y103         LUT6 (Prop_lut6_I2_O)        0.045     0.855 r  res_OBUF[1]_inst_i_2/O
                         net (fo=4, routed)           0.334     1.189    res_OBUF[1]_inst_i_2_n_0
    SLICE_X0Y101         LUT6 (Prop_lut6_I0_O)        0.045     1.234 r  res_OBUF[3]_inst_i_2/O
                         net (fo=2, routed)           0.208     1.442    res_OBUF[3]_inst_i_2_n_0
    SLICE_X0Y100         LUT4 (Prop_lut4_I1_O)        0.045     1.487 r  res_OBUF[2]_inst_i_1/O
                         net (fo=1, routed)           0.530     2.017    res_OBUF[2]
    N14                  OBUF (Prop_obuf_I_O)         1.160     3.177 r  res_OBUF[2]_inst/O
                         net (fo=0)                   0.000     3.177    res[2]
    N14                                                               r  res[2] (OUT)
  -------------------------------------------------------------------    -------------------

Slack:                    inf
  Source:                 a[1]
                            (input port)
  Destination:            res[16]
                            (output port)
  Path Group:             (none)
  Path Type:              Min at Fast Process Corner
  Data Path Delay:        3.207ns  (logic 1.560ns (48.649%)  route 1.647ns (51.351%))
  Logic Levels:           7  (IBUF=1 LUT4=1 LUT6=4 OBUF=1)

    Location             Delay type                Incr(ns)  Path(ns)    Netlist Resource(s)
  -------------------------------------------------------------------    -------------------
    J15                                               0.000     0.000 r  a[1] (IN)
                         net (fo=0)                   0.000     0.000    a[1]
    J15                  IBUF (Prop_ibuf_I_O)         0.191     0.191 r  a_IBUF[1]_inst/O
                         net (fo=5, routed)           0.449     0.640    a_IBUF[1]
    SLICE_X5Y104         LUT6 (Prop_lut6_I4_O)        0.045     0.685 r  res_OBUF[10]_inst_i_17/O
                         net (fo=3, routed)           0.061     0.746    res_OBUF[10]_inst_i_17_n_0
    SLICE_X5Y104         LUT6 (Prop_lut6_I2_O)        0.045     0.791 r  res_OBUF[10]_inst_i_8/O
                         net (fo=5, routed)           0.293     1.084    res_OBUF[10]_inst_i_8_n_0
    SLICE_X3Y104         LUT4 (Prop_lut4_I0_O)        0.045     1.129 r  res_OBUF[16]_inst_i_3/O
                         net (fo=2, routed)           0.204     1.333    res_OBUF[16]_inst_i_3_n_0
    SLICE_X2Y103         LUT6 (Prop_lut6_I0_O)        0.045     1.378 r  res_OBUF[16]_inst_i_2/O
                         net (fo=2, routed)           0.281     1.659    res_OBUF[16]_inst_i_2_n_0
    SLICE_X0Y103         LUT6 (Prop_lut6_I5_O)        0.045     1.704 r  res_OBUF[16]_inst_i_1/O
                         net (fo=1, routed)           0.359     2.063    res_OBUF[16]
    K17                  OBUF (Prop_obuf_I_O)         1.144     3.207 r  res_OBUF[16]_inst/O
                         net (fo=0)                   0.000     3.207    res[16]
    K17                                                               r  res[16] (OUT)
  -------------------------------------------------------------------    -------------------

Slack:                    inf
  Source:                 a[1]
                            (input port)
  Destination:            res[7]
                            (output port)
  Path Group:             (none)
  Path Type:              Min at Fast Process Corner
  Data Path Delay:        3.210ns  (logic 1.605ns (49.989%)  route 1.605ns (50.011%))
  Logic Levels:           6  (IBUF=1 LUT4=1 LUT6=3 OBUF=1)

    Location             Delay type                Incr(ns)  Path(ns)    Netlist Resource(s)
  -------------------------------------------------------------------    -------------------
    J15                                               0.000     0.000 r  a[1] (IN)
                         net (fo=0)                   0.000     0.000    a[1]
    J15                  IBUF (Prop_ibuf_I_O)         0.191     0.191 r  a_IBUF[1]_inst/O
                         net (fo=5, routed)           0.449     0.640    a_IBUF[1]
    SLICE_X5Y104         LUT6 (Prop_lut6_I4_O)        0.045     0.685 r  res_OBUF[10]_inst_i_17/O
                         net (fo=3, routed)           0.061     0.746    res_OBUF[10]_inst_i_17_n_0
    SLICE_X5Y104         LUT6 (Prop_lut6_I2_O)        0.045     0.791 r  res_OBUF[10]_inst_i_8/O
                         net (fo=5, routed)           0.413     1.204    res_OBUF[10]_inst_i_8_n_0
    SLICE_X1Y101         LUT4 (Prop_lut4_I0_O)        0.044     1.248 r  res_OBUF[8]_inst_i_2/O
                         net (fo=3, routed)           0.169     1.417    res_OBUF[8]_inst_i_2_n_0
    SLICE_X1Y101         LUT6 (Prop_lut6_I0_O)        0.107     1.524 r  res_OBUF[7]_inst_i_1/O
                         net (fo=1, routed)           0.514     2.038    res_OBUF[7]
    R13                  OBUF (Prop_obuf_I_O)         1.172     3.210 r  res_OBUF[7]_inst/O
                         net (fo=0)                   0.000     3.210    res[7]
    R13                                                               r  res[7] (OUT)
  -------------------------------------------------------------------    -------------------

Slack:                    inf
  Source:                 a[1]
                            (input port)
  Destination:            res[11]
                            (output port)
  Path Group:             (none)
  Path Type:              Min at Fast Process Corner
  Data Path Delay:        3.229ns  (logic 1.561ns (48.327%)  route 1.669ns (51.673%))
  Logic Levels:           7  (IBUF=1 LUT4=1 LUT5=1 LUT6=3 OBUF=1)

    Location             Delay type                Incr(ns)  Path(ns)    Netlist Resource(s)
  -------------------------------------------------------------------    -------------------
    J15                                               0.000     0.000 r  a[1] (IN)
                         net (fo=0)                   0.000     0.000    a[1]
    J15                  IBUF (Prop_ibuf_I_O)         0.191     0.191 r  a_IBUF[1]_inst/O
                         net (fo=5, routed)           0.449     0.640    a_IBUF[1]
    SLICE_X5Y104         LUT6 (Prop_lut6_I4_O)        0.045     0.685 r  res_OBUF[10]_inst_i_17/O
                         net (fo=3, routed)           0.061     0.746    res_OBUF[10]_inst_i_17_n_0
    SLICE_X5Y104         LUT6 (Prop_lut6_I2_O)        0.045     0.791 r  res_OBUF[10]_inst_i_8/O
                         net (fo=5, routed)           0.382     1.173    res_OBUF[10]_inst_i_8_n_0
    SLICE_X1Y102         LUT6 (Prop_lut6_I2_O)        0.045     1.218 r  res_OBUF[10]_inst_i_3/O
                         net (fo=3, routed)           0.061     1.279    res_OBUF[10]_inst_i_3_n_0
    SLICE_X1Y102         LUT5 (Prop_lut5_I0_O)        0.045     1.324 r  res_OBUF[12]_inst_i_2/O
                         net (fo=2, routed)           0.228     1.552    res_OBUF[12]_inst_i_2_n_0
    SLICE_X0Y102         LUT4 (Prop_lut4_I1_O)        0.045     1.597 r  res_OBUF[11]_inst_i_1/O
                         net (fo=1, routed)           0.489     2.085    res_OBUF[11]
    L16                  OBUF (Prop_obuf_I_O)         1.144     3.229 r  res_OBUF[11]_inst/O
                         net (fo=0)                   0.000     3.229    res[11]
    L16                                                               r  res[11] (OUT)
  -------------------------------------------------------------------    -------------------

Slack:                    inf
  Source:                 a[1]
                            (input port)
  Destination:            res[10]
                            (output port)
  Path Group:             (none)
  Path Type:              Min at Fast Process Corner
  Data Path Delay:        3.235ns  (logic 1.519ns (46.948%)  route 1.716ns (53.052%))
  Logic Levels:           6  (IBUF=1 LUT6=4 OBUF=1)

    Location             Delay type                Incr(ns)  Path(ns)    Netlist Resource(s)
  -------------------------------------------------------------------    -------------------
    J15                                               0.000     0.000 r  a[1] (IN)
                         net (fo=0)                   0.000     0.000    a[1]
    J15                  IBUF (Prop_ibuf_I_O)         0.191     0.191 r  a_IBUF[1]_inst/O
                         net (fo=5, routed)           0.449     0.640    a_IBUF[1]
    SLICE_X5Y104         LUT6 (Prop_lut6_I4_O)        0.045     0.685 r  res_OBUF[10]_inst_i_17/O
                         net (fo=3, routed)           0.061     0.746    res_OBUF[10]_inst_i_17_n_0
    SLICE_X5Y104         LUT6 (Prop_lut6_I2_O)        0.045     0.791 r  res_OBUF[10]_inst_i_8/O
                         net (fo=5, routed)           0.382     1.173    res_OBUF[10]_inst_i_8_n_0
    SLICE_X1Y102         LUT6 (Prop_lut6_I2_O)        0.045     1.218 r  res_OBUF[10]_inst_i_3/O
                         net (fo=3, routed)           0.329     1.547    res_OBUF[10]_inst_i_3_n_0
    SLICE_X0Y102         LUT6 (Prop_lut6_I2_O)        0.045     1.592 r  res_OBUF[10]_inst_i_1/O
                         net (fo=1, routed)           0.496     2.087    res_OBUF[10]
    L18                  OBUF (Prop_obuf_I_O)         1.147     3.235 r  res_OBUF[10]_inst/O
                         net (fo=0)                   0.000     3.235    res[10]
    L18                                                               r  res[10] (OUT)
  -------------------------------------------------------------------    -------------------





